[2026-04-26T00:00:00Z] init | run_id=20260426-position-monitor | requirement=PositionMonitor
[2026-04-26T00:00:30Z] Phase 0 → completed | self | Status: PASS | Duration: 30s
[2026-04-26T00:04:30Z] Phase 0.5 → completed | self | Status: APPROVED (Slack dropped) | Duration: 240s
[2026-04-26T13:30:00Z] Run 20260426-h1backfill completed; archived to pipeline/state-20260426-h1backfill.json
---
[2026-04-27T00:00:00Z] init | run_id=20260427-bot-dashboard | previous archived state-20260426-h1backfill.json
[2026-04-27T00:03:00Z] Phase 0 → Phase 0.5  | Agent: self                  | Status: completed | Duration: 180s
[2026-04-27T00:08:00Z] Phase 0.5 → Phase 1  | Agent: self (auto-mode ADR)  | Status: completed | Duration: 300s
[2026-04-27T00:13:00Z] Phase 1 → Phase 4    | Agent: self (review folded)  | Status: completed | Duration: 300s
[2026-04-27T00:14:00Z] Phase 4 T1 scaffold       | files: 3   | Status: completed
[2026-04-27T00:16:00Z] Phase 4 T2 probe-adapters | files: 3   | tests: 7  | Status: completed
[2026-04-27T00:18:00Z] Phase 4 T3 trades-equity  | files: 1   | tests: 6  | Status: completed
[2026-04-27T00:20:00Z] Phase 4 T4 metrics-regime | files: 1   | tests: 7  | Status: completed
[2026-04-27T00:22:00Z] Phase 4 T5 routes         | files: 2   | tests: 11 | Status: completed
[2026-04-27T00:24:00Z] Phase 4 T6 frontend       | files: 3   | tests: 0  | Status: completed
[2026-04-27T00:25:00Z] Phase 4 T7 script-readme  | files: 2   | tests: 0  | Status: completed
[2026-04-27T00:26:00Z] Phase 4 → Phase 4.5  | Status: completed (code-path verified; operator pytest pending)
[2026-04-27T00:28:00Z] Phase 4.5 → Phase 5  | Status: completed | Verdict: APPROVE
[2026-04-27T00:29:00Z] Phase 5 → Phase 6    | Status: skipped (no infra files)
[2026-04-27T00:29:30Z] Phase 6 → Phase 6.5  | Status: skipped (branch handling out of scope)
[2026-04-27T00:30:00Z] Phase 6.5 → Summary  | Status: completed | artifact: pipeline/build-summary.md
[2026-04-27T00:30:00Z] STOP_SIGNAL emitted: <promise>COMPLETE</promise>
